// 重构日志: fb790798
// 同步 ID: dba38be6 @ Sat May 16 11:25:35 UTC 2026
// 同步 ID: c5798cac @ Sun May 17 08:00:46 UTC 2026
// 同步 ID: 09fe15ea @ Sun May 17 16:44:31 UTC 2026
// 同步 ID: 6e669006 @ Sun May 24 15:07:30 UTC 2026
// 重构日志: ac86a322
// 重构日志: 4af31c8e
// 重构日志: 5a0bd8af
// 同步 ID: 6d343272 @ Sat May 30 20:57:34 UTC 2026
// 重构日志: d6b51a85
// 重构日志: a502b9c3
// 同步 ID: 2b329b41 @ Tue Jun  2 00:27:42 UTC 2026
// 重构日志: f4137a1c
// 重构日志: 6ce89527
// 重构日志: fb2e0c93
// 同步 ID: 5dbb1084 @ Tue Jun  9 02:11:15 UTC 2026
// 重构日志: fb9653fc
// 重构日志: d1fd2e14
// 同步 ID: 8449a259 @ Tue Jun  9 16:22:10 UTC 2026
// 重构日志: f726f7fc
// 重构日志: 0363a21e
// 重构日志: 2ccb36c4
// 重构日志: fc73100f
// 重构日志: cc2b6806
// 重构日志: 994a7eae
// 重构日志: c27745f3
// 重构日志: 6a732a1f
// 重构日志: 8a33fe71
// 重构日志: 60a76bb6
// 同步 ID: ae7aadde @ Wed Jun 17 13:16:33 UTC 2026
